\BOOKMARK [0][-]{chapter.1}{Introduction}{}% 1
\BOOKMARK [1][-]{section.1.1}{The CML Compiler}{chapter.1}% 2
\BOOKMARK [1][-]{section.1.2}{Organization and Notations}{chapter.1}% 3
\BOOKMARK [0][-]{chapter.2}{Concepts}{}% 4
\BOOKMARK [1][-]{section.2.1}{Properties}{chapter.2}% 5
\BOOKMARK [1][-]{section.2.2}{Generalization / Specialization}{chapter.2}% 6
\BOOKMARK [1][-]{section.2.3}{Abstract Concepts}{chapter.2}% 7
\BOOKMARK [0][-]{chapter.3}{Attributes}{}% 8
\BOOKMARK [1][-]{section.3.1}{Primitive Types}{chapter.3}% 9
\BOOKMARK [1][-]{section.3.2}{Derived Attributes}{chapter.3}% 10
\BOOKMARK [0][-]{chapter.4}{Associations}{}% 11
\BOOKMARK [1][-]{section.4.1}{Unidirectional Associations}{chapter.4}% 12
\BOOKMARK [1][-]{section.4.2}{Bidirectional Associations}{chapter.4}% 13
\BOOKMARK [1][-]{section.4.3}{Collection Types}{chapter.4}% 14
\BOOKMARK [1][-]{section.4.4}{Collection Types}{chapter.4}% 15
\BOOKMARK [1][-]{section.4.5}{Derived Associations}{chapter.4}% 16
\BOOKMARK [0][-]{chapter.5}{Expressions}{}% 17
\BOOKMARK [1][-]{section.5.1}{Literal Values}{chapter.5}% 18
\BOOKMARK [1][-]{section.5.2}{Prefix Expressions}{chapter.5}% 19
\BOOKMARK [1][-]{section.5.3}{Infix Expressions}{chapter.5}% 20
\BOOKMARK [1][-]{section.5.4}{Conditional Expressions}{chapter.5}% 21
\BOOKMARK [1][-]{section.5.5}{Path Expressions}{chapter.5}% 22
\BOOKMARK [0][-]{chapter.6}{Queries}{}% 23
\BOOKMARK [0][-]{chapter.7}{Code Generation}{}% 24
\BOOKMARK [1][-]{section.7.1}{Tasks}{chapter.7}% 25
\BOOKMARK [1][-]{section.7.2}{Constructors}{chapter.7}% 26
\BOOKMARK [1][-]{section.7.3}{Templates}{chapter.7}% 27
\BOOKMARK [1][-]{section.7.4}{Targets}{chapter.7}% 28
\BOOKMARK [0][-]{chapter.8}{Modules}{}% 29
\BOOKMARK [0][-]{chapter.9}{Libraries}{}% 30
\BOOKMARK [0][-]{appendix.A}{CML Concrete Syntax \(Grammar\)}{}% 31
\BOOKMARK [1][-]{section.A.1}{ANTLR Grammar}{appendix.A}% 32
\BOOKMARK [0][-]{appendix.B}{CML Abstract Syntax \(Metamodel\)}{}% 33
\BOOKMARK [0][-]{appendix.C}{CML Abstract Syntax Tree \(Instantiation\)}{}% 34
\BOOKMARK [0][-]{appendix.D}{CML Constraints \(Validations\)}{}% 35
\BOOKMARK [0][-]{appendix.E}{Language Specification Notation}{}% 36
\BOOKMARK [0][-]{section*.4}{Bibliography}{}% 37
